1526838575
 b4 0e b0 1d cd 10 a0 1d 00 cd 10 bb 1d 00 81 c3
 00 7c 8a 07 cd 10 a0 1e 7c cd 10 eb fe 58 00 00
 00 00 00 00 00 00 00 00 00 00 00 00 00 00 00 00
*
 00 00 00 00 00 00 00 00 00 00 00 00 00 00 55 aa
************************************

1526838624
 b4 0e b0 1d cd 10 a0 1d 00 cd 10 bb 1d 00 81 c3
 00 7c 8a 07 cd 10 a0 1e 7c cd 10 eb fe 58 00 00
 00 00 00 00 00 00 00 00 00 00 00 00 00 00 00 00
*
 00 00 00 00 00 00 00 00 00 00 00 00 00 00 55 aa
************************************

1526838846
 b4 0e bb 0f 00 81 c3 00 7c 8a 07 cd 10 eb fe 58
 60 bb 64 00 b4 0e cd 10 61 c3 00 00 00 00 00 00
 00 00 00 00 00 00 00 00 00 00 00 00 00 00 00 00
*
 00 00 00 00 00 00 00 00 00 00 00 00 00 00 55 aa
************************************

1526839059
 b0 0e bb 19 00 81 c3 00 7c 8a 07 cd 10 b0 59 e8
 08 00 b0 5a e8 03 00 eb fe 58 60 b4 0e cd 10 61
 c3 00 00 00 00 00 00 00 00 00 00 00 00 00 00 00
 00 00 00 00 00 00 00 00 00 00 00 00 00 00 00 00
*
 00 00 00 00 00 00 00 00 00 00 00 00 00 00 55 aa
************************************

1526839123
 b0 0e bb 19 00 81 c3 00 7c 8a 07 cd 10 b0 59 e8
 13 00 b0 5a e8 0e 00 eb fe 48 65 6c 6c 6f 20 77
 6f 72 6c 64 00 60 b4 0e cd 10 61 c3 00 00 00 00
 00 00 00 00 00 00 00 00 00 00 00 00 00 00 00 00
*
 00 00 00 00 00 00 00 00 00 00 00 00 00 00 55 aa
************************************

1526839156
 b0 0e b4 0e bb 1b 00 81 c3 00 7c 8a 07 cd 10 b0
 59 e8 13 00 b0 5a e8 0e 00 eb fe 48 65 6c 6c 6f
 20 77 6f 72 6c 64 00 60 b4 0e cd 10 61 c3 00 00
 00 00 00 00 00 00 00 00 00 00 00 00 00 00 00 00
*
 00 00 00 00 00 00 00 00 00 00 00 00 00 00 55 aa
************************************

1526839321
 60 b4 0e cd 10 61 c3 b0 0e b4 0e bb 22 00 81 c3
 00 7c 8a 07 cd 10 b0 59 e8 e5 ff b0 5a e8 e0 ff
 eb fe 48 65 6c 6c 6f 20 77 6f 72 6c 64 00 00 00
 00 00 00 00 00 00 00 00 00 00 00 00 00 00 00 00
*
 00 00 00 00 00 00 00 00 00 00 00 00 00 00 55 aa
************************************

1526839370
 b0 0e b4 0e bb 1b 00 81 c3 00 7c 8a 07 cd 10 b0
 59 e8 13 00 b0 5a e8 0e 00 eb fe 48 65 6c 6c 6f
 20 77 6f 72 6c 64 00 60 b4 0e cd 10 61 c3 00 00
 00 00 00 00 00 00 00 00 00 00 00 00 00 00 00 00
*
 00 00 00 00 00 00 00 00 00 00 00 00 00 00 55 aa
************************************

1526839426
 b0 0e b4 0e bb 20 00 81 c3 00 7c 8a 07 cd 10 b0
 59 e8 18 00 b0 5a e8 13 00 b0 47 e8 0e 00 eb fe
 48 65 6c 6c 6f 20 77 6f 72 6c 64 00 60 b4 0e cd
 10 61 c3 00 00 00 00 00 00 00 00 00 00 00 00 00
 00 00 00 00 00 00 00 00 00 00 00 00 00 00 00 00
*
 00 00 00 00 00 00 00 00 00 00 00 00 00 00 55 aa
************************************

1526843429
 bb 15 7c e8 08 00 bb 24 7c e8 02 00 eb fe 60 b4
 0e cd 10 61 c3 48 65 6c 6c 6f 2c 20 57 6f 72 6c
 64 20 21 00 47 6f 6f 64 62 79 65 20 21 00 00 00
 00 00 00 00 00 00 00 00 00 00 00 00 00 00 00 00
*
 00 00 00 00 00 00 00 00 00 00 00 00 00 00 55 aa
************************************

1526844508
 bb 1e 7c e8 08 00 bb 2d 7c e8 02 00 eb fe 60 89
 d8 3c 00 74 07 b4 0e cd 10 43 eb f3 61 c3 48 65
 6c 6c 6f 2c 20 57 6f 72 6c 64 20 21 00 47 6f 6f
 64 62 79 65 20 21 00 00 00 00 00 00 00 00 00 00
 00 00 00 00 00 00 00 00 00 00 00 00 00 00 00 00
*
 00 00 00 00 00 00 00 00 00 00 00 00 00 00 55 aa
************************************

1526844565
 bb 1e 7c e8 08 00 bb 2d 7c e8 02 00 eb fe 60 89
 d8 3c 00 74 07 b4 0e cd 10 43 eb f3 61 c3 48 65
 6c 6c 6f 2c 20 57 6f 72 6c 64 20 21 00 47 6f 6f
 64 62 79 65 20 21 00 00 00 00 00 00 00 00 00 00
 00 00 00 00 00 00 00 00 00 00 00 00 00 00 00 00
*
 00 00 00 00 00 00 00 00 00 00 00 00 00 00 55 aa
************************************

1526844671
 bb 1e 7c e8 08 00 bb 2d 7c e8 02 00 eb fe 60 8b
 07 3c 00 74 07 b4 0e cd 10 43 eb f3 61 c3 48 65
 6c 6c 6f 2c 20 57 6f 72 6c 64 20 21 00 47 6f 6f
 64 62 79 65 20 21 00 00 00 00 00 00 00 00 00 00
 00 00 00 00 00 00 00 00 00 00 00 00 00 00 00 00
*
 00 00 00 00 00 00 00 00 00 00 00 00 00 00 55 aa
************************************

1526847046
 bb 1e 7c e8 08 00 bb 2d 7c e8 02 00 eb fe 60 8b
 07 3c 00 74 07 b4 0e cd 10 43 eb f3 61 c3 48 65
 6c 6c 6f 2c 20 57 6f 72 6c 64 20 21 00 47 6f 6f
 64 62 79 65 20 21 00 00 00 00 00 00 00 00 00 00
 00 00 00 00 00 00 00 00 00 00 00 00 00 00 00 00
*
 00 00 00 00 00 00 00 00 00 00 00 00 00 00 55 aa
************************************

1526847116
 bb 40 7c e8 08 00 bb 4f 7c e8 02 00 eb fe 60 8b
 07 3c 00 74 07 b4 0e cd 10 43 eb f3 61 c3 60 89
 d0 25 57 04 3c 09 7e 04 04 41 74 02 04 30 a2 3b
 7c bb 39 7c e8 d7 ff 61 c3 30 78 30 30 30 30 00
 48 65 6c 6c 6f 2c 20 57 6f 72 6c 64 20 21 00 47
 6f 6f 64 62 79 65 20 21 00 00 00 00 00 00 00 00
 00 00 00 00 00 00 00 00 00 00 00 00 00 00 00 00
*
 00 00 00 00 00 00 00 00 00 00 00 00 00 00 55 aa
************************************

1526847161
 bb 46 7c e8 0e 00 bb 55 7c e8 08 00 ba 34 12 e8
 12 00 eb fe 60 8b 07 3c 00 74 07 b4 0e cd 10 43
 eb f3 61 c3 60 89 d0 25 57 04 3c 09 7e 04 04 41
 74 02 04 30 a2 41 7c bb 3f 7c e8 d7 ff 61 c3 30
 78 30 30 30 30 00 48 65 6c 6c 6f 2c 20 57 6f 72
 6c 64 20 21 00 47 6f 6f 64 62 79 65 20 21 00 00
 00 00 00 00 00 00 00 00 00 00 00 00 00 00 00 00
*
 00 00 00 00 00 00 00 00 00 00 00 00 00 00 55 aa
************************************

1526847254
 bb 46 7c e8 0e 00 bb 55 7c e8 08 00 ba 34 12 e8
 12 00 eb fe 60 8b 07 3c 00 74 07 b4 0e cd 10 43
 eb f3 61 c3 60 89 d0 83 e0 0f 3c 09 7e 04 04 41
 74 02 04 30 a2 41 7c bb 3f 7c e8 d7 ff 61 c3 30
 78 30 30 30 30 00 48 65 6c 6c 6f 2c 20 57 6f 72
 6c 64 20 21 00 47 6f 6f 64 62 79 65 20 21 00 00
 00 00 00 00 00 00 00 00 00 00 00 00 00 00 00 00
*
 00 00 00 00 00 00 00 00 00 00 00 00 00 00 55 aa
************************************

1526847646
 bb 48 7c e8 0e 00 bb 57 7c e8 08 00 ba 34 12 e8
 12 00 eb fe 60 8b 07 3c 00 74 07 b4 0e cd 10 43
 eb f3 61 c3 60 b9 0f 00 89 d0 21 c8 3c 09 7e 04
 04 41 74 02 04 30 a2 43 7c bb 41 7c e8 d5 ff 61
 c3 30 78 30 30 30 30 00 48 65 6c 6c 6f 2c 20 57
 6f 72 6c 64 20 21 00 47 6f 6f 64 62 79 65 20 21
 00 00 00 00 00 00 00 00 00 00 00 00 00 00 00 00
*
 00 00 00 00 00 00 00 00 00 00 00 00 00 00 55 aa
************************************

1526847751
 bb 4c 7c e8 0e 00 bb 5b 7c e8 08 00 ba 34 12 e8
 12 00 eb fe 60 8b 07 3c 00 74 07 b4 0e cd 10 43
 eb f3 61 c3 60 b9 0f 00 bb 02 00 89 d0 21 c8 3c
 09 7e 04 04 41 74 02 04 30 88 87 45 7c bb 45 7c
 e8 d1 ff 61 c3 30 78 30 30 30 30 00 48 65 6c 6c
 6f 2c 20 57 6f 72 6c 64 20 21 00 47 6f 6f 64 62
 79 65 20 21 00 00 00 00 00 00 00 00 00 00 00 00
 00 00 00 00 00 00 00 00 00 00 00 00 00 00 00 00
*
 00 00 00 00 00 00 00 00 00 00 00 00 00 00 55 aa
************************************

1526847757
 bb 4c 7c e8 0e 00 bb 5b 7c e8 08 00 ba 34 12 e8
 12 00 eb fe 60 8b 07 3c 00 74 07 b4 0e cd 10 43
 eb f3 61 c3 60 b9 0f 00 bb 02 00 89 d0 21 c8 3c
 09 7e 04 04 41 74 02 04 30 88 87 45 7c bb 45 7c
 e8 d1 ff 61 c3 30 78 30 30 30 30 00 48 65 6c 6c
 6f 2c 20 57 6f 72 6c 64 20 21 00 47 6f 6f 64 62
 79 65 20 21 00 00 00 00 00 00 00 00 00 00 00 00
 00 00 00 00 00 00 00 00 00 00 00 00 00 00 00 00
*
 00 00 00 00 00 00 00 00 00 00 00 00 00 00 55 aa
************************************

1526847993
 bb 55 7c e8 0e 00 bb 64 7c e8 08 00 ba 34 12 e8
 12 00 eb fe 60 8b 07 3c 00 74 07 b4 0e cd 10 43
 eb f3 61 c3 60 b9 00 f0 bb 02 00 89 d0 21 c8 3c
 09 7e 04 04 41 74 02 04 30 88 87 4e 7c c1 e9 04
 43 83 fb 06 75 e5 bb 4e 7c e8 c8 ff 61 c3 30 78
 30 30 30 30 00 48 65 6c 6c 6f 2c 20 57 6f 72 6c
 64 20 21 00 47 6f 6f 64 62 79 65 20 21 00 00 00
 00 00 00 00 00 00 00 00 00 00 00 00 00 00 00 00
*
 00 00 00 00 00 00 00 00 00 00 00 00 00 00 55 aa
************************************

1526848121
 bb 55 7c e8 0e 00 bb 64 7c e8 08 00 ba 34 12 e8
 12 00 eb fe 60 8b 07 3c 00 74 07 b4 0e cd 10 43
 eb f3 61 c3 60 b9 0f 00 bb 02 00 89 d0 21 c8 3c
 09 7e 04 04 41 74 02 04 30 88 87 4e 7c c1 ea 04
 43 83 fb 06 75 e5 bb 4e 7c e8 c8 ff 61 c3 30 78
 30 30 30 30 00 48 65 6c 6c 6f 2c 20 57 6f 72 6c
 64 20 21 00 47 6f 6f 64 62 79 65 20 21 00 00 00
 00 00 00 00 00 00 00 00 00 00 00 00 00 00 00 00
*
 00 00 00 00 00 00 00 00 00 00 00 00 00 00 55 aa
************************************

1526848151
 bb 55 7c e8 0e 00 bb 64 7c e8 08 00 ba 34 12 e8
 12 00 eb fe 60 8b 07 3c 00 74 07 b4 0e cd 10 43
 eb f3 61 c3 60 b9 0f 00 bb 02 00 89 d0 21 c8 3c
 09 7e 04 04 41 74 02 04 30 88 87 4e 7c c1 e2 04
 43 83 fb 06 75 e5 bb 4e 7c e8 c8 ff 61 c3 30 78
 30 30 30 30 00 48 65 6c 6c 6f 2c 20 57 6f 72 6c
 64 20 21 00 47 6f 6f 64 62 79 65 20 21 00 00 00
 00 00 00 00 00 00 00 00 00 00 00 00 00 00 00 00
*
 00 00 00 00 00 00 00 00 00 00 00 00 00 00 55 aa
************************************

1526848213
 bb 55 7c e8 0e 00 bb 64 7c e8 08 00 ba 34 12 e8
 12 00 eb fe 60 8b 07 3c 00 74 07 b4 0e cd 10 43
 eb f3 61 c3 60 b9 0f 00 bb 05 00 89 d0 21 c8 3c
 09 7e 04 04 41 74 02 04 30 88 87 4e 7c c1 ea 04
 4b 83 fb 01 75 e5 bb 4e 7c e8 c8 ff 61 c3 30 78
 30 30 30 30 00 48 65 6c 6c 6f 2c 20 57 6f 72 6c
 64 20 21 00 47 6f 6f 64 62 79 65 20 21 00 00 00
 00 00 00 00 00 00 00 00 00 00 00 00 00 00 00 00
*
 00 00 00 00 00 00 00 00 00 00 00 00 00 00 55 aa
************************************

1526848283
 bb 55 7c e8 0e 00 bb 64 7c e8 08 00 ba 34 12 e8
 12 00 eb fe 60 8b 07 3c 00 74 07 b4 0e cd 10 43
 eb f3 61 c3 60 b9 0f 00 bb 05 00 89 d0 21 c8 3c
 09 7e 04 04 41 74 02 04 30 88 87 4e 7c c1 ea 04
 4b 83 fb 01 75 e5 bb 4e 7c e8 c8 ff 61 c3 30 78
 30 30 30 30 00 48 65 6c 6c 6f 2c 20 57 6f 72 6c
 64 20 21 00 47 6f 6f 64 62 79 65 20 21 00 00 00
 00 00 00 00 00 00 00 00 00 00 00 00 00 00 00 00
*
 00 00 00 00 00 00 00 00 00 00 00 00 00 00 55 aa
************************************

1526848315
 bb 55 7c e8 0e 00 bb 64 7c e8 08 00 ba 34 ff e8
 12 00 eb fe 60 8b 07 3c 00 74 07 b4 0e cd 10 43
 eb f3 61 c3 60 b9 0f 00 bb 05 00 89 d0 21 c8 3c
 09 7e 04 04 41 74 02 04 30 88 87 4e 7c c1 ea 04
 4b 83 fb 01 75 e5 bb 4e 7c e8 c8 ff 61 c3 30 78
 30 30 30 30 00 48 65 6c 6c 6f 2c 20 57 6f 72 6c
 64 20 21 00 47 6f 6f 64 62 79 65 20 21 00 00 00
 00 00 00 00 00 00 00 00 00 00 00 00 00 00 00 00
*
 00 00 00 00 00 00 00 00 00 00 00 00 00 00 55 aa
************************************

1526848334
 bb 55 7c e8 0e 00 bb 64 7c e8 08 00 ba 23 a1 e8
 12 00 eb fe 60 8b 07 3c 00 74 07 b4 0e cd 10 43
 eb f3 61 c3 60 b9 0f 00 bb 05 00 89 d0 21 c8 3c
 09 7e 04 04 41 74 02 04 30 88 87 4e 7c c1 ea 04
 4b 83 fb 01 75 e5 bb 4e 7c e8 c8 ff 61 c3 30 78
 30 30 30 30 00 48 65 6c 6c 6f 2c 20 57 6f 72 6c
 64 20 21 00 47 6f 6f 64 62 79 65 20 21 00 00 00
 00 00 00 00 00 00 00 00 00 00 00 00 00 00 00 00
*
 00 00 00 00 00 00 00 00 00 00 00 00 00 00 55 aa
************************************

1526848472
 bb 53 7c e8 0e 00 bb 62 7c e8 08 00 ba 23 a1 e8
 12 00 eb fe 60 8b 07 3c 00 74 07 b4 0e cd 10 43
 eb f3 61 c3 60 bb 05 00 89 d0 83 e0 0f 3c 09 7e
 04 04 41 74 02 04 30 88 87 4c 7c c1 ea 04 4b 83
 fb 01 75 e4 bb 4c 7c e8 ca ff 61 c3 30 78 30 30
 30 30 00 48 65 6c 6c 6f 2c 20 57 6f 72 6c 64 20
 21 00 47 6f 6f 64 62 79 65 20 21 00 00 00 00 00
 00 00 00 00 00 00 00 00 00 00 00 00 00 00 00 00
*
 00 00 00 00 00 00 00 00 00 00 00 00 00 00 55 aa
************************************

1526848569
 bb 53 7c e8 0e 00 bb 62 7c e8 08 00 ba 23 a1 e8
 12 00 eb fe 60 8b 07 3c 00 74 07 b4 0e cd 10 43
 eb f3 61 c3 60 bb 05 00 89 d0 83 e0 0f 3c 09 7e
 04 04 61 74 02 04 30 88 87 4c 7c c1 ea 04 4b 83
 fb 01 75 e4 bb 4c 7c e8 ca ff 61 c3 30 78 30 30
 30 30 00 48 65 6c 6c 6f 2c 20 57 6f 72 6c 64 20
 21 00 47 6f 6f 64 62 79 65 20 21 00 00 00 00 00
 00 00 00 00 00 00 00 00 00 00 00 00 00 00 00 00
*
 00 00 00 00 00 00 00 00 00 00 00 00 00 00 55 aa
************************************

1526848600
 bb 53 7c e8 0e 00 bb 62 7c e8 08 00 ba ff aa e8
 12 00 eb fe 60 8b 07 3c 00 74 07 b4 0e cd 10 43
 eb f3 61 c3 60 bb 05 00 89 d0 83 e0 0f 3c 09 7e
 04 04 61 74 02 04 30 88 87 4c 7c c1 ea 04 4b 83
 fb 01 75 e4 bb 4c 7c e8 ca ff 61 c3 30 78 30 30
 30 30 00 48 65 6c 6c 6f 2c 20 57 6f 72 6c 64 20
 21 00 47 6f 6f 64 62 79 65 20 21 00 00 00 00 00
 00 00 00 00 00 00 00 00 00 00 00 00 00 00 00 00
*
 00 00 00 00 00 00 00 00 00 00 00 00 00 00 55 aa
************************************

1526848727
 bb 53 7c e8 0e 00 bb 62 7c e8 08 00 ba ff aa e8
 12 00 eb fe 60 8b 07 3c 00 74 07 b4 0e cd 10 43
 eb f3 61 c3 60 bb 05 00 89 d0 83 e0 0f 3c 09 7e
 04 04 61 eb 02 04 30 88 87 4c 7c c1 ea 04 4b 83
 fb 01 75 e4 bb 4c 7c e8 ca ff 61 c3 30 78 30 30
 30 30 00 48 65 6c 6c 6f 2c 20 57 6f 72 6c 64 20
 21 00 47 6f 6f 64 62 79 65 20 21 00 00 00 00 00
 00 00 00 00 00 00 00 00 00 00 00 00 00 00 00 00
*
 00 00 00 00 00 00 00 00 00 00 00 00 00 00 55 aa
************************************

1526848762
 bb 53 7c e8 0e 00 bb 62 7c e8 08 00 ba ff aa e8
 12 00 eb fe 60 8b 07 3c 00 74 07 b4 0e cd 10 43
 eb f3 61 c3 60 bb 05 00 89 d0 83 e0 0f 3c 09 7e
 04 04 41 eb 02 04 30 88 87 4c 7c c1 ea 04 4b 83
 fb 01 75 e4 bb 4c 7c e8 ca ff 61 c3 30 78 30 30
 30 30 00 48 65 6c 6c 6f 2c 20 57 6f 72 6c 64 20
 21 00 47 6f 6f 64 62 79 65 20 21 00 00 00 00 00
 00 00 00 00 00 00 00 00 00 00 00 00 00 00 00 00
*
 00 00 00 00 00 00 00 00 00 00 00 00 00 00 55 aa
************************************

1526848795
 bb 53 7c e8 0e 00 bb 62 7c e8 08 00 ba ab 12 e8
 12 00 eb fe 60 8b 07 3c 00 74 07 b4 0e cd 10 43
 eb f3 61 c3 60 bb 05 00 89 d0 83 e0 0f 3c 09 7e
 04 04 41 eb 02 04 30 88 87 4c 7c c1 ea 04 4b 83
 fb 01 75 e4 bb 4c 7c e8 ca ff 61 c3 30 78 30 30
 30 30 00 48 65 6c 6c 6f 2c 20 57 6f 72 6c 64 20
 21 00 47 6f 6f 64 62 79 65 20 21 00 00 00 00 00
 00 00 00 00 00 00 00 00 00 00 00 00 00 00 00 00
*
 00 00 00 00 00 00 00 00 00 00 00 00 00 00 55 aa
************************************

1526848827
 bb 53 7c e8 0e 00 bb 62 7c e8 08 00 ba ab 12 e8
 12 00 eb fe 60 8b 07 3c 00 74 07 b4 0e cd 10 43
 eb f3 61 c3 60 bb 05 00 89 d0 83 e0 0f 3c 09 7e
 04 04 37 eb 02 04 30 88 87 4c 7c c1 ea 04 4b 83
 fb 01 75 e4 bb 4c 7c e8 ca ff 61 c3 30 78 30 30
 30 30 00 48 65 6c 6c 6f 2c 20 57 6f 72 6c 64 20
 21 00 47 6f 6f 64 62 79 65 20 21 00 00 00 00 00
 00 00 00 00 00 00 00 00 00 00 00 00 00 00 00 00
*
 00 00 00 00 00 00 00 00 00 00 00 00 00 00 55 aa
************************************

1526933669
 bb 53 7c e8 0e 00 bb 62 7c e8 08 00 ba ab 12 e8
 12 00 eb fe 60 8b 07 3c 00 74 07 b4 0e cd 10 43
 eb f3 61 c3 60 bb 05 00 89 d0 83 e0 0f 3c 09 7e
 04 04 37 eb 02 04 30 88 87 4c 7c c1 ea 04 4b 83
 fb 01 75 e4 bb 4c 7c e8 ca ff 61 c3 30 78 30 30
 30 30 00 48 65 6c 6c 6f 2c 20 57 6f 72 6c 64 20
 21 00 47 6f 6f 64 62 79 65 20 21 00 00 00 00 00
 00 00 00 00 00 00 00 00 00 00 00 00 00 00 00 00
*
 00 00 00 00 00 00 00 00 00 00 00 00 00 00 55 aa
************************************

1527371042
 bb 53 7c e8 0e 00 bb 62 7c e8 08 00 ba ab 12 e8
 12 00 eb fe 60 8b 07 3c 00 74 07 b4 0e cd 10 43
 eb f3 61 c3 60 bb 05 00 89 d0 83 e0 0f 3c 09 7e
 04 04 37 eb 02 04 30 88 87 4c 7c c1 ea 04 4b 83
 fb 01 75 e4 bb 4c 7c e8 ca ff 61 c3 30 78 30 30
 30 30 00 48 65 6c 6c 6f 2c 20 57 6f 72 6c 64 20
 21 00 47 6f 6f 64 62 79 65 20 21 00 00 00 00 00
 00 00 00 00 00 00 00 00 00 00 00 00 00 00 00 00
*
 00 00 00 00 00 00 00 00 00 00 00 00 00 00 55 aa
************************************

1527371066
 bb 53 7c e8 0e 00 bb 62 7c e8 08 00 ba ab 12 e8
 12 00 eb fe 60 8b 07 3c 00 74 07 b4 0e cd 10 43
 eb f3 61 c3 60 bb 05 00 89 d0 83 e0 0f 3c 09 7e
 04 04 37 eb 02 04 30 88 87 4c 7c c1 ea 04 4b 83
 fb 01 75 e4 bb 4c 7c e8 ca ff 61 c3 30 78 30 30
 30 30 00 48 65 6c 6c 6f 2c 20 57 6f 72 6c 64 20
 21 00 47 6f 6f 64 62 79 65 20 21 00 00 00 00 00
 00 00 00 00 00 00 00 00 00 00 00 00 00 00 00 00
*
 00 00 00 00 00 00 00 00 00 00 00 00 00 00 55 aa
************************************

1527371114
 bb 53 7c e8 0e 00 bb 62 7c e8 08 00 ba ab 12 e8
 12 00 eb fe 60 8b 07 3c 00 74 07 b4 0e cd 10 43
 eb f3 61 c3 60 bb 05 00 89 d0 83 e0 0f 3c 09 7e
 04 04 37 eb 02 04 30 88 87 4c 7c c1 ea 04 4b 83
 fb 01 75 e4 bb 4c 7c e8 ca ff 61 c3 30 78 30 30
 30 30 00 48 65 6c 6c 6f 2c 20 57 6f 72 6c 64 20
 21 00 47 6f 6f 64 62 79 65 20 21 00 00 00 00 00
 00 00 00 00 00 00 00 00 00 00 00 00 00 00 00 00
*
 00 00 00 00 00 00 00 00 00 00 00 00 00 00 55 aa
************************************

1527371265
 bb 53 7c e8 0e 00 bb 62 7c e8 08 00 ba ab 12 e8
 12 00 eb fe 60 8b 07 3c 00 74 07 b4 0e cd 10 43
 eb f3 61 c3 60 bb 05 00 89 d0 83 e0 0f 3c 09 7e
 04 04 37 eb 02 04 30 88 87 4c 7c c1 ea 04 4b 83
 fb 01 75 e4 bb 4c 7c e8 ca ff 61 c3 30 78 30 30
 30 30 00 48 65 6c 6c 6f 2c 20 57 6f 72 6c 64 20
 21 00 47 6f 6f 64 62 79 65 20 21 00 00 00 00 00
 00 00 00 00 00 00 00 00 00 00 00 00 00 00 00 00
*
 00 00 00 00 00 00 00 00 00 00 00 00 00 00 55 aa
************************************

1527371292
 bb 53 7c e8 0e 00 bb 62 7c e8 08 00 ba ab 12 e8
 12 00 eb fe 60 8b 07 3c 00 74 07 b4 0e cd 10 43
 eb f3 61 c3 60 bb 05 00 89 d0 83 e0 0f 3c 09 7e
 04 04 37 eb 02 04 30 88 87 4c 7c c1 ea 04 4b 83
 fb 01 75 e4 bb 4c 7c e8 ca ff 61 c3 30 78 30 30
 30 30 00 48 65 6c 6c 6f 2c 20 57 6f 72 6c 64 20
 21 00 47 6f 6f 64 62 79 65 20 21 00 00 00 00 00
 00 00 00 00 00 00 00 00 00 00 00 00 00 00 00 00
*
 00 00 00 00 00 00 00 00 00 00 00 00 00 00 55 aa
************************************

1527371647
 bb 53 7c e8 0e 00 bb 62 7c e8 08 00 ba ab 12 e8
 12 00 eb fe 60 8b 07 3c 00 74 07 b4 0e cd 10 43
 eb f3 61 c3 60 bb 05 00 89 d0 83 e0 0f 3c 09 7e
 04 04 37 eb 02 04 30 88 87 4c 7c c1 ea 04 4b 83
 fb 01 75 e4 bb 4c 7c e8 ca ff 61 c3 30 78 30 30
 30 30 00 48 65 6c 6c 6f 2c 20 57 6f 72 6c 64 20
 21 00 47 6f 6f 64 62 79 65 20 21 00 00 00 00 00
 00 00 00 00 00 00 00 00 00 00 00 00 00 00 00 00
*
 00 00 00 00 00 00 00 00 00 00 00 00 00 00 55 aa
************************************

1527371672
 bb 53 7c e8 0e 00 bb 62 7c e8 08 00 ba ab 12 e8
 12 00 eb fe 60 8b 07 3c 00 74 07 b4 0e cd 10 43
 eb f3 61 c3 60 bb 05 00 89 d0 83 e0 0f 3c 09 7e
 04 04 37 eb 02 04 30 88 87 4c 7c c1 ea 04 4b 83
 fb 01 75 e4 bb 4c 7c e8 ca ff 61 c3 30 78 30 30
 30 30 00 48 65 6c 6c 6f 2c 20 57 6f 72 6c 64 20
 21 00 47 6f 6f 64 62 79 65 20 21 00 00 00 00 00
 00 00 00 00 00 00 00 00 00 00 00 00 00 00 00 00
*
 00 00 00 00 00 00 00 00 00 00 00 00 00 00 55 aa
************************************

1527371814
 bb 53 7c e8 0e 00 bb 62 7c e8 08 00 ba ab 12 e8
 12 00 eb fe 60 8b 07 3c 00 74 07 b4 0e cd 10 43
 eb f3 61 c3 60 bb 05 00 89 d0 83 e0 0f 3c 09 7e
 04 04 37 eb 02 04 30 88 87 4c 7c c1 ea 04 4b 83
 fb 01 75 e4 bb 4c 7c e8 ca ff 61 c3 30 78 30 30
 30 30 00 48 65 6c 6c 6f 2c 20 57 6f 72 6c 64 20
 21 00 47 6f 6f 64 62 79 65 20 21 00 00 00 00 00
 00 00 00 00 00 00 00 00 00 00 00 00 00 00 00 00
*
 00 00 00 00 00 00 00 00 00 00 00 00 00 00 55 aa
************************************

